<?xml version="1.0" encoding="UTF-8"?>
<!-- Generated by org.testng.reporters.JUnitReportReporter -->
<testsuite skipped="0" hostname="Manthans-MacBook-Pro.local" name="com.qa.hubspot.test.LoginPageTest" tests="3" failures="0" timestamp="2020-10-06T16:02:01 EDT" time="25.905" errors="0">
  <testcase name="loginPageTitleTest" time="9.219" classname="com.qa.hubspot.test.LoginPageTest"/>
  <system-out/>
  <testcase name="signUpLinkTest" time="7.697" classname="com.qa.hubspot.test.LoginPageTest"/>
  <system-out/>
  <testcase name="loginTest" time="8.989" classname="com.qa.hubspot.test.LoginPageTest"/>
  <system-out/>
</testsuite> <!-- com.qa.hubspot.test.LoginPageTest -->
