<?xml version="1.0" encoding="UTF-8"?>
<!-- Generated by org.testng.reporters.JUnitReportReporter -->
<testsuite skipped="0" hostname="Manthans-MacBook-Pro.local" name="com.qa.hubspot.test.LoginPageTest1" tests="5" failures="0" timestamp="2020-10-06T20:30:17 EDT" time="40.338" errors="0">
  <testcase name="signUpLinkIsDisplayed" time="7.823" classname="com.qa.hubspot.test.LoginPageTest1"/>
  <system-out/>
  <testcase name="loginPageTitleVerify" time="8.752" classname="com.qa.hubspot.test.LoginPageTest1"/>
  <system-out/>
  <testcase name="doLoginVerify" time="8.359" classname="com.qa.hubspot.test.LoginPageTest1"/>
  <system-out/>
  <testcase name="verifyForgotPasswordLink" time="7.736" classname="com.qa.hubspot.test.LoginPageTest1"/>
  <system-out/>
  <testcase name="verifyShowPasswordLink" time="7.668" classname="com.qa.hubspot.test.LoginPageTest1"/>
  <system-out/>
</testsuite> <!-- com.qa.hubspot.test.LoginPageTest1 -->
